<?xml version="1.0" encoding="UTF-8"?>
<coverage generated="1601357951983" clover="3.2.0">
  <project timestamp="1601357951983" name="All files">
    <metrics statements="12" coveredstatements="2" conditionals="0" coveredconditionals="0" methods="5" coveredmethods="1" elements="17" coveredelements="3" complexity="0" loc="12" ncloc="12" packages="1" files="5" classes="5"/>
    <file name="BaseClass.js" path="C:\WorkLocal\JSFrontEnd\src\js\BaseClass.js">
      <metrics statements="2" coveredstatements="0" conditionals="0" coveredconditionals="0" methods="2" coveredmethods="0"/>
      <line num="3" count="0" type="stmt"/>
      <line num="7" count="0" type="stmt"/>
    </file>
    <file name="ExtendedClass.js" path="C:\WorkLocal\JSFrontEnd\src\js\ExtendedClass.js">
      <metrics statements="4" coveredstatements="0" conditionals="0" coveredconditionals="0" methods="2" coveredmethods="0"/>
      <line num="5" count="0" type="stmt"/>
      <line num="6" count="0" type="stmt"/>
      <line num="10" count="0" type="stmt"/>
      <line num="11" count="0" type="stmt"/>
    </file>
    <file name="index.js" path="C:\WorkLocal\JSFrontEnd\src\js\index.js">
      <metrics statements="2" coveredstatements="0" conditionals="0" coveredconditionals="0" methods="0" coveredmethods="0"/>
      <line num="3" count="0" type="stmt"/>
      <line num="4" count="0" type="stmt"/>
    </file>
    <file name="model.js" path="C:\WorkLocal\JSFrontEnd\src\js\model.js">
      <metrics statements="2" coveredstatements="0" conditionals="0" coveredconditionals="0" methods="0" coveredmethods="0"/>
      <line num="3" count="0" type="stmt"/>
      <line num="4" count="0" type="stmt"/>
    </file>
    <file name="sum.js" path="C:\WorkLocal\JSFrontEnd\src\js\sum.js">
      <metrics statements="2" coveredstatements="2" conditionals="0" coveredconditionals="0" methods="1" coveredmethods="1"/>
      <line num="1" count="1" type="stmt"/>
      <line num="2" count="1" type="stmt"/>
    </file>
  </project>
</coverage>
