{"C:\\WorkLocal\\JSFrontEnd\\src\\js\\BaseClass.js": {"path":"C:\\WorkLocal\\JSFrontEnd\\src\\js\\BaseClass.js","statementMap":{"0":{"start":{"line":3,"column":8},"end":{"line":3,"column":32}},"1":{"start":{"line":7,"column":8},"end":{"line":7,"column":43}}},"fnMap":{"0":{"name":"(anonymous_0)","decl":{"start":{"line":2,"column":4},"end":{"line":2,"column":5}},"loc":{"start":{"line":2,"column":18},"end":{"line":4,"column":5}},"line":2},"1":{"name":"(anonymous_1)","decl":{"start":{"line":6,"column":4},"end":{"line":6,"column":5}},"loc":{"start":{"line":6,"column":15},"end":{"line":8,"column":5}},"line":6}},"branchMap":{},"s":{"0":0,"1":0},"f":{"0":0,"1":0},"b":{}}
,"C:\\WorkLocal\\JSFrontEnd\\src\\js\\ExtendedClass.js": {"path":"C:\\WorkLocal\\JSFrontEnd\\src\\js\\ExtendedClass.js","statementMap":{"0":{"start":{"line":5,"column":8},"end":{"line":5,"column":16}},"1":{"start":{"line":6,"column":8},"end":{"line":6,"column":36}},"2":{"start":{"line":10,"column":20},"end":{"line":10,"column":70}},"3":{"start":{"line":11,"column":8},"end":{"line":11,"column":25}}},"fnMap":{"0":{"name":"(anonymous_0)","decl":{"start":{"line":4,"column":4},"end":{"line":4,"column":5}},"loc":{"start":{"line":4,"column":18},"end":{"line":7,"column":5}},"line":4},"1":{"name":"(anonymous_1)","decl":{"start":{"line":9,"column":4},"end":{"line":9,"column":5}},"loc":{"start":{"line":9,"column":19},"end":{"line":12,"column":5}},"line":9}},"branchMap":{},"s":{"0":0,"1":0,"2":0,"3":0},"f":{"0":0,"1":0},"b":{}}
,"C:\\WorkLocal\\JSFrontEnd\\src\\js\\index.js": {"path":"C:\\WorkLocal\\JSFrontEnd\\src\\js\\index.js","statementMap":{"0":{"start":{"line":3,"column":10},"end":{"line":3,"column":18}},"1":{"start":{"line":4,"column":0},"end":{"line":4,"column":17}}},"fnMap":{},"branchMap":{},"s":{"0":0,"1":0},"f":{},"b":{}}
,"C:\\WorkLocal\\JSFrontEnd\\src\\js\\model.js": {"path":"C:\\WorkLocal\\JSFrontEnd\\src\\js\\model.js","statementMap":{"0":{"start":{"line":3,"column":10},"end":{"line":3,"column":23}},"1":{"start":{"line":4,"column":0},"end":{"line":4,"column":15}}},"fnMap":{},"branchMap":{},"s":{"0":0,"1":0},"f":{},"b":{}}
,"C:\\WorkLocal\\JSFrontEnd\\src\\js\\sum.js": {"path":"C:\\WorkLocal\\JSFrontEnd\\src\\js\\sum.js","statementMap":{"0":{"start":{"line":1,"column":12},"end":{"line":3,"column":1}},"1":{"start":{"line":2,"column":4},"end":{"line":2,"column":17}}},"fnMap":{"0":{"name":"sum","decl":{"start":{"line":1,"column":21},"end":{"line":1,"column":24}},"loc":{"start":{"line":1,"column":31},"end":{"line":3,"column":1}},"line":1}},"branchMap":{},"s":{"0":1,"1":1},"f":{"0":1},"b":{},"_coverageSchema":"1a1c01bbd47fc00a2c39e90264f33305004495a9","hash":"cee6184118e7e7c8d89a21dce6bc756134f8a34e"}
}
